<?xml version="1.0" encoding="UTF-8"?>
<robot generator="Robot 7.4.2 (Python 3.13.3 on win32)" generated="2026-04-27T10:41:15.949040" rpa="false" schemaversion="5">
<suite id="s1" name="Login Tests" source="C:\Users\yamam\OneDrive\Desktop\FE projekti13\Apneapp_FE\apneapp-login\tests\login_tests.robot">
<kw name="New Browser" owner="Browser" type="SETUP">
<msg time="2026-04-27T10:41:16.605246" level="INFO">{"browser": "chromium", "headless": true, "chromiumSandbox": false, "devtools": false, "handleSIGHUP": true, "handleSIGINT": true, "handleSIGTERM": true, "slowMo": 0.0, "timeout": 30000.0, "tracesDir": "C:\\Users\\yamam\\OneDrive\\Desktop\\FE projekti13\\Apneapp_FE\\apneapp-login\\tests\\reports\\browser\\traces\\temp\\4f301b94-62a1-4a46-8423-c206629e952e"}</msg>
<msg time="2026-04-27T10:41:16.667302" level="INFO">Starting Browser process C:\Users\yamam\AppData\Local\Programs\Python\Python313\Lib\site-packages\Browser\wrapper\index.js using at 127.0.0.1:50502</msg>
<msg time="2026-04-27T10:41:19.546475" level="INFO">Successfully created browser with options: {"browser":"chromium","headless":true,"chromiumSandbox":false,"devtools":false,"handleSIGHUP":true,"handleSIGINT":true,"handleSIGTERM":true,"slowMo":0,"timeout":30000,"tracesDir":"C:\\Users\\yamam\\OneDrive\\Desktop\\FE projekti13\\Apneapp_FE\\apneapp-login\\tests\\reports\\browser\\traces\\temp\\4f301b94-62a1-4a46-8423-c206629e952e"}</msg>
<arg>chromium</arg>
<arg>headless=True</arg>
<tag>BrowserControl</tag>
<tag>Setter</tag>
<doc>Create a new playwright Browser with specified options.</doc>
<status status="PASS" start="2026-04-27T10:41:16.602844" elapsed="2.944075"/>
</kw>
<test id="s1-t1" name="TC1: Tyhjä lomake – sähköposti ja salasana pakollisia" line="13">
<kw name="New Page" owner="Browser">
<msg time="2026-04-27T10:41:22.717143" level="INFO">Successfully initialized new page object and opened url: file:///C:\Users\yamam\OneDrive\Desktop\FE projekti13\Apneapp_FE\apneapp-login\tests/../index.html</msg>
<msg time="2026-04-27T10:41:22.717272" level="INFO">No context was open. New context was automatically opened when this page is created.</msg>
<arg>${LOGIN_URL}</arg>
<tag>BrowserControl</tag>
<tag>Setter</tag>
<doc>Open a new Page.</doc>
<status status="PASS" start="2026-04-27T10:41:19.557684" elapsed="3.159782"/>
</kw>
<kw name="Click" owner="Browser">
<msg time="2026-04-27T10:41:22.718632" level="INFO">Clicks the element 'id=submitBtn'.</msg>
<arg>id=submitBtn</arg>
<tag>PageContent</tag>
<tag>Setter</tag>
<doc>Simulates mouse click on the element found by ``selector``.</doc>
<status status="PASS" start="2026-04-27T10:41:22.717712" elapsed="0.438259"/>
</kw>
<kw name="Get Text" owner="Browser">
<msg time="2026-04-27T10:41:23.207190" level="INFO">Text: 'Sähköposti on pakollinen'</msg>
<msg time="2026-04-27T10:41:23.207457" level="INFO">${email_err} = Sähköposti on pakollinen</msg>
<var>${email_err}</var>
<arg>id=emailError</arg>
<tag>Assertion</tag>
<tag>Getter</tag>
<tag>PageContent</tag>
<doc>Returns text attribute of the element found by ``selector``.</doc>
<status status="PASS" start="2026-04-27T10:41:23.156234" elapsed="0.051255"/>
</kw>
<kw name="Should Contain" owner="BuiltIn">
<arg>${email_err}</arg>
<arg>pakollinen</arg>
<doc>Fails if ``container`` does not contain ``item`` one or more times.</doc>
<status status="PASS" start="2026-04-27T10:41:23.207680" elapsed="0.001211"/>
</kw>
<kw name="Get Text" owner="Browser">
<msg time="2026-04-27T10:41:23.235343" level="INFO">Text: 'Salasana on pakollinen'</msg>
<msg time="2026-04-27T10:41:23.235528" level="INFO">${pw_err} = Salasana on pakollinen</msg>
<var>${pw_err}</var>
<arg>id=passwordError</arg>
<tag>Assertion</tag>
<tag>Getter</tag>
<tag>PageContent</tag>
<doc>Returns text attribute of the element found by ``selector``.</doc>
<status status="PASS" start="2026-04-27T10:41:23.209112" elapsed="0.026444"/>
</kw>
<kw name="Should Contain" owner="BuiltIn">
<arg>${pw_err}</arg>
<arg>pakollinen</arg>
<doc>Fails if ``container`` does not contain ``item`` one or more times.</doc>
<status status="PASS" start="2026-04-27T10:41:23.235816" elapsed="0.000787"/>
</kw>
<msg time="2026-04-27T10:41:23.258256" level="INFO">Switching context to context=1439f0f4-cea8-45ba-a6ef-e045ed793f28 in CURRENT</msg>
<msg time="2026-04-27T10:41:23.267059" level="INFO">Successfully changed active context: context=1439f0f4-cea8-45ba-a6ef-e045ed793f28</msg>
<msg time="2026-04-27T10:41:23.280494" level="INFO">Successfully closed Context</msg>
<doc>Tyhjällä lomakkeella kirjautuminen näyttää pakollisuusvirheet</doc>
<status status="PASS" start="2026-04-27T10:41:19.547337" elapsed="3.689499"/>
</test>
<test id="s1-t2" name="TC2: Virheellinen sähköposti näyttää virheilmoituksen" line="22">
<kw name="New Page" owner="Browser">
<msg time="2026-04-27T10:41:23.544529" level="INFO">Successfully initialized new page object and opened url: file:///C:\Users\yamam\OneDrive\Desktop\FE projekti13\Apneapp_FE\apneapp-login\tests/../index.html</msg>
<msg time="2026-04-27T10:41:23.544627" level="INFO">No context was open. New context was automatically opened when this page is created.</msg>
<arg>${LOGIN_URL}</arg>
<tag>BrowserControl</tag>
<tag>Setter</tag>
<doc>Open a new Page.</doc>
<status status="PASS" start="2026-04-27T10:41:23.286623" elapsed="0.258220"/>
</kw>
<kw name="Fill Text" owner="Browser">
<msg time="2026-04-27T10:41:23.546309" level="INFO">Fills the text 'eiole' in the given field.</msg>
<arg>id=email</arg>
<arg>eiole</arg>
<tag>PageContent</tag>
<tag>Setter</tag>
<doc>Clears and fills the given ``txt`` into the text field found by ``selector``.</doc>
<status status="PASS" start="2026-04-27T10:41:23.545072" elapsed="0.045168"/>
</kw>
<kw name="Fill Text" owner="Browser">
<msg time="2026-04-27T10:41:23.591859" level="INFO">Fills the text 'salasana1' in the given field.</msg>
<arg>id=password</arg>
<arg>salasana1</arg>
<tag>PageContent</tag>
<tag>Setter</tag>
<doc>Clears and fills the given ``txt`` into the text field found by ``selector``.</doc>
<status status="PASS" start="2026-04-27T10:41:23.590482" elapsed="0.017640"/>
</kw>
<kw name="Click" owner="Browser">
<msg time="2026-04-27T10:41:23.609561" level="INFO">Clicks the element 'id=submitBtn'.</msg>
<arg>id=submitBtn</arg>
<tag>PageContent</tag>
<tag>Setter</tag>
<doc>Simulates mouse click on the element found by ``selector``.</doc>
<status status="PASS" start="2026-04-27T10:41:23.608542" elapsed="0.397587"/>
</kw>
<kw name="Get Text" owner="Browser">
<msg time="2026-04-27T10:41:24.044112" level="INFO">Text: 'Virheellinen sähköpostiosoite'</msg>
<msg time="2026-04-27T10:41:24.044289" level="INFO">${email_err} = Virheellinen sähköpostiosoite</msg>
<var>${email_err}</var>
<arg>id=emailError</arg>
<tag>Assertion</tag>
<tag>Getter</tag>
<tag>PageContent</tag>
<doc>Returns text attribute of the element found by ``selector``.</doc>
<status status="PASS" start="2026-04-27T10:41:24.006393" elapsed="0.037925"/>
</kw>
<kw name="Should Contain" owner="BuiltIn">
<arg>${email_err}</arg>
<arg>Virheellinen</arg>
<doc>Fails if ``container`` does not contain ``item`` one or more times.</doc>
<status status="PASS" start="2026-04-27T10:41:24.044521" elapsed="0.000660"/>
</kw>
<msg time="2026-04-27T10:41:24.062830" level="INFO">Switching context to context=7c0a9776-a4ea-4ce6-830f-d16e088288ab in CURRENT</msg>
<msg time="2026-04-27T10:41:24.071105" level="INFO">Successfully changed active context: context=7c0a9776-a4ea-4ce6-830f-d16e088288ab</msg>
<msg time="2026-04-27T10:41:24.081789" level="INFO">Successfully closed Context</msg>
<doc>Sähköposti ilman @-merkkiä hylätään</doc>
<status status="PASS" start="2026-04-27T10:41:23.281210" elapsed="0.764118"/>
</test>
<test id="s1-t3" name="TC3: Sähköposti ilman pistettä hylätään" line="31">
<kw name="New Page" owner="Browser">
<msg time="2026-04-27T10:41:24.359979" level="INFO">Successfully initialized new page object and opened url: file:///C:\Users\yamam\OneDrive\Desktop\FE projekti13\Apneapp_FE\apneapp-login\tests/../index.html</msg>
<msg time="2026-04-27T10:41:24.360548" level="INFO">No context was open. New context was automatically opened when this page is created.</msg>
<arg>${LOGIN_URL}</arg>
<tag>BrowserControl</tag>
<tag>Setter</tag>
<doc>Open a new Page.</doc>
<status status="PASS" start="2026-04-27T10:41:24.086643" elapsed="0.274455"/>
</kw>
<kw name="Fill Text" owner="Browser">
<msg time="2026-04-27T10:41:24.363346" level="INFO">Fills the text 'kayttaja@esimerkki' in the given field.</msg>
<arg>id=email</arg>
<arg>kayttaja@esimerkki</arg>
<tag>PageContent</tag>
<tag>Setter</tag>
<doc>Clears and fills the given ``txt`` into the text field found by ``selector``.</doc>
<status status="PASS" start="2026-04-27T10:41:24.361572" elapsed="0.042003"/>
</kw>
<kw name="Fill Text" owner="Browser">
<msg time="2026-04-27T10:41:24.405908" level="INFO">Fills the text 'salasana1' in the given field.</msg>
<arg>id=password</arg>
<arg>salasana1</arg>
<tag>PageContent</tag>
<tag>Setter</tag>
<doc>Clears and fills the given ``txt`` into the text field found by ``selector``.</doc>
<status status="PASS" start="2026-04-27T10:41:24.403985" elapsed="0.026209"/>
</kw>
<kw name="Click" owner="Browser">
<msg time="2026-04-27T10:41:24.432056" level="INFO">Clicks the element 'id=submitBtn'.</msg>
<arg>id=submitBtn</arg>
<tag>PageContent</tag>
<tag>Setter</tag>
<doc>Simulates mouse click on the element found by ``selector``.</doc>
<status status="PASS" start="2026-04-27T10:41:24.430528" elapsed="0.408782"/>
</kw>
<kw name="Get Text" owner="Browser">
<msg time="2026-04-27T10:41:24.874393" level="INFO">Text: 'Virheellinen sähköpostiosoite'</msg>
<msg time="2026-04-27T10:41:24.874612" level="INFO">${email_err} = Virheellinen sähköpostiosoite</msg>
<var>${email_err}</var>
<arg>id=emailError</arg>
<tag>Assertion</tag>
<tag>Getter</tag>
<tag>PageContent</tag>
<doc>Returns text attribute of the element found by ``selector``.</doc>
<status status="PASS" start="2026-04-27T10:41:24.839554" elapsed="0.035102"/>
</kw>
<kw name="Should Contain" owner="BuiltIn">
<arg>${email_err}</arg>
<arg>Virheellinen</arg>
<doc>Fails if ``container`` does not contain ``item`` one or more times.</doc>
<status status="PASS" start="2026-04-27T10:41:24.874938" elapsed="0.001060"/>
</kw>
<msg time="2026-04-27T10:41:24.896688" level="INFO">Switching context to context=98ebc3b0-32d2-4fd3-879b-15909ab133d3 in CURRENT</msg>
<msg time="2026-04-27T10:41:24.906283" level="INFO">Successfully changed active context: context=98ebc3b0-32d2-4fd3-879b-15909ab133d3</msg>
<msg time="2026-04-27T10:41:24.914598" level="INFO">Successfully closed Context</msg>
<doc>Sähköposti ilman domainpistettä hylätään</doc>
<status status="PASS" start="2026-04-27T10:41:24.082760" elapsed="0.793415"/>
</test>
<test id="s1-t4" name="TC4: Liian lyhyt salasana hylätään" line="40">
<kw name="New Page" owner="Browser">
<msg time="2026-04-27T10:41:25.167280" level="INFO">Successfully initialized new page object and opened url: file:///C:\Users\yamam\OneDrive\Desktop\FE projekti13\Apneapp_FE\apneapp-login\tests/../index.html</msg>
<msg time="2026-04-27T10:41:25.167402" level="INFO">No context was open. New context was automatically opened when this page is created.</msg>
<arg>${LOGIN_URL}</arg>
<tag>BrowserControl</tag>
<tag>Setter</tag>
<doc>Open a new Page.</doc>
<status status="PASS" start="2026-04-27T10:41:24.918963" elapsed="0.248635"/>
</kw>
<kw name="Fill Text" owner="Browser">
<msg time="2026-04-27T10:41:25.168610" level="INFO">Fills the text 'kayttaja@email.fi' in the given field.</msg>
<arg>id=email</arg>
<arg>kayttaja@email.fi</arg>
<tag>PageContent</tag>
<tag>Setter</tag>
<doc>Clears and fills the given ``txt`` into the text field found by ``selector``.</doc>
<status status="PASS" start="2026-04-27T10:41:25.167808" elapsed="0.039688"/>
</kw>
<kw name="Fill Text" owner="Browser">
<msg time="2026-04-27T10:41:25.208992" level="INFO">Fills the text 'abc' in the given field.</msg>
<arg>id=password</arg>
<arg>abc</arg>
<tag>PageContent</tag>
<tag>Setter</tag>
<doc>Clears and fills the given ``txt`` into the text field found by ``selector``.</doc>
<status status="PASS" start="2026-04-27T10:41:25.207734" elapsed="0.013793"/>
</kw>
<kw name="Click" owner="Browser">
<msg time="2026-04-27T10:41:25.222856" level="INFO">Clicks the element 'id=submitBtn'.</msg>
<arg>id=submitBtn</arg>
<tag>PageContent</tag>
<tag>Setter</tag>
<doc>Simulates mouse click on the element found by ``selector``.</doc>
<status status="PASS" start="2026-04-27T10:41:25.221779" elapsed="0.397455"/>
</kw>
<kw name="Get Text" owner="Browser">
<msg time="2026-04-27T10:41:25.659858" level="INFO">Text: 'Salasanan on oltava vähintään 6 merkkiä'</msg>
<msg time="2026-04-27T10:41:25.660049" level="INFO">${pw_err} = Salasanan on oltava vähintään 6 merkkiä</msg>
<var>${pw_err}</var>
<arg>id=passwordError</arg>
<tag>Assertion</tag>
<tag>Getter</tag>
<tag>PageContent</tag>
<doc>Returns text attribute of the element found by ``selector``.</doc>
<status status="PASS" start="2026-04-27T10:41:25.619483" elapsed="0.040615"/>
</kw>
<kw name="Should Contain" owner="BuiltIn">
<arg>${pw_err}</arg>
<arg>6 merkkiä</arg>
<doc>Fails if ``container`` does not contain ``item`` one or more times.</doc>
<status status="PASS" start="2026-04-27T10:41:25.660378" elapsed="0.001022"/>
</kw>
<msg time="2026-04-27T10:41:25.678291" level="INFO">Switching context to context=a836eb38-92bd-46a0-a449-6b4210d9fc11 in CURRENT</msg>
<msg time="2026-04-27T10:41:25.687003" level="INFO">Successfully changed active context: context=a836eb38-92bd-46a0-a449-6b4210d9fc11</msg>
<msg time="2026-04-27T10:41:25.695115" level="INFO">Successfully closed Context</msg>
<doc>Alle 6 merkin salasana näyttää virheilmoituksen</doc>
<status status="PASS" start="2026-04-27T10:41:24.915299" elapsed="0.746279"/>
</test>
<test id="s1-t5" name="TC5: Tyhjä salasana hylätään" line="49">
<kw name="New Page" owner="Browser">
<msg time="2026-04-27T10:41:25.960900" level="INFO">Successfully initialized new page object and opened url: file:///C:\Users\yamam\OneDrive\Desktop\FE projekti13\Apneapp_FE\apneapp-login\tests/../index.html</msg>
<msg time="2026-04-27T10:41:25.960993" level="INFO">No context was open. New context was automatically opened when this page is created.</msg>
<arg>${LOGIN_URL}</arg>
<tag>BrowserControl</tag>
<tag>Setter</tag>
<doc>Open a new Page.</doc>
<status status="PASS" start="2026-04-27T10:41:25.698899" elapsed="0.262302"/>
</kw>
<kw name="Fill Text" owner="Browser">
<msg time="2026-04-27T10:41:25.962753" level="INFO">Fills the text 'kayttaja@email.fi' in the given field.</msg>
<arg>id=email</arg>
<arg>kayttaja@email.fi</arg>
<tag>PageContent</tag>
<tag>Setter</tag>
<doc>Clears and fills the given ``txt`` into the text field found by ``selector``.</doc>
<status status="PASS" start="2026-04-27T10:41:25.961466" elapsed="0.044443"/>
</kw>
<kw name="Click" owner="Browser">
<msg time="2026-04-27T10:41:26.007134" level="INFO">Clicks the element 'id=submitBtn'.</msg>
<arg>id=submitBtn</arg>
<tag>PageContent</tag>
<tag>Setter</tag>
<doc>Simulates mouse click on the element found by ``selector``.</doc>
<status status="PASS" start="2026-04-27T10:41:26.006136" elapsed="0.395779"/>
</kw>
<kw name="Get Text" owner="Browser">
<msg time="2026-04-27T10:41:26.440577" level="INFO">Text: 'Salasana on pakollinen'</msg>
<msg time="2026-04-27T10:41:26.440750" level="INFO">${pw_err} = Salasana on pakollinen</msg>
<var>${pw_err}</var>
<arg>id=passwordError</arg>
<tag>Assertion</tag>
<tag>Getter</tag>
<tag>PageContent</tag>
<doc>Returns text attribute of the element found by ``selector``.</doc>
<status status="PASS" start="2026-04-27T10:41:26.402157" elapsed="0.038620"/>
</kw>
<kw name="Should Contain" owner="BuiltIn">
<arg>${pw_err}</arg>
<arg>pakollinen</arg>
<doc>Fails if ``container`` does not contain ``item`` one or more times.</doc>
<status status="PASS" start="2026-04-27T10:41:26.440957" elapsed="0.001013"/>
</kw>
<msg time="2026-04-27T10:41:26.460380" level="INFO">Switching context to context=7c50cc65-aedb-4837-a0ed-2ffb8e5bbe5e in CURRENT</msg>
<msg time="2026-04-27T10:41:26.468122" level="INFO">Successfully changed active context: context=7c50cc65-aedb-4837-a0ed-2ffb8e5bbe5e</msg>
<msg time="2026-04-27T10:41:26.477402" level="INFO">Successfully closed Context</msg>
<doc>Tyhjä salasanakenttä näyttää pakollisuusvirheen</doc>
<status status="PASS" start="2026-04-27T10:41:25.695709" elapsed="0.746446"/>
</test>
<test id="s1-t6" name="TC6: Oikeilla arvoilla ei validointivirheitä" line="57">
<kw name="New Page" owner="Browser">
<msg time="2026-04-27T10:41:26.738481" level="INFO">Successfully initialized new page object and opened url: file:///C:\Users\yamam\OneDrive\Desktop\FE projekti13\Apneapp_FE\apneapp-login\tests/../index.html</msg>
<msg time="2026-04-27T10:41:26.738596" level="INFO">No context was open. New context was automatically opened when this page is created.</msg>
<arg>${LOGIN_URL}</arg>
<tag>BrowserControl</tag>
<tag>Setter</tag>
<doc>Open a new Page.</doc>
<status status="PASS" start="2026-04-27T10:41:26.483184" elapsed="0.255609"/>
</kw>
<kw name="Fill Text" owner="Browser">
<msg time="2026-04-27T10:41:26.740362" level="INFO">Fills the text 'kayttaja@email.fi' in the given field.</msg>
<arg>id=email</arg>
<arg>kayttaja@email.fi</arg>
<tag>PageContent</tag>
<tag>Setter</tag>
<doc>Clears and fills the given ``txt`` into the text field found by ``selector``.</doc>
<status status="PASS" start="2026-04-27T10:41:26.739011" elapsed="0.040400"/>
</kw>
<kw name="Fill Text" owner="Browser">
<msg time="2026-04-27T10:41:26.780618" level="INFO">Fills the text 'salasana1' in the given field.</msg>
<arg>id=password</arg>
<arg>salasana1</arg>
<tag>PageContent</tag>
<tag>Setter</tag>
<doc>Clears and fills the given ``txt`` into the text field found by ``selector``.</doc>
<status status="PASS" start="2026-04-27T10:41:26.779716" elapsed="0.014655"/>
</kw>
<kw name="Click" owner="Browser">
<msg time="2026-04-27T10:41:26.795499" level="INFO">Clicks the element 'id=submitBtn'.</msg>
<arg>id=submitBtn</arg>
<tag>PageContent</tag>
<tag>Setter</tag>
<doc>Simulates mouse click on the element found by ``selector``.</doc>
<status status="PASS" start="2026-04-27T10:41:26.794626" elapsed="0.390761"/>
</kw>
<kw name="Get Text" owner="Browser">
<msg time="2026-04-27T10:41:27.221493" level="INFO">Text: ''</msg>
<msg time="2026-04-27T10:41:27.221712" level="INFO">${email_err} = </msg>
<var>${email_err}</var>
<arg>id=emailError</arg>
<tag>Assertion</tag>
<tag>Getter</tag>
<tag>PageContent</tag>
<doc>Returns text attribute of the element found by ``selector``.</doc>
<status status="PASS" start="2026-04-27T10:41:27.185649" elapsed="0.036099"/>
</kw>
<kw name="Should Be Empty" owner="BuiltIn">
<msg time="2026-04-27T10:41:27.222619" level="INFO">Length is 0.</msg>
<arg>${email_err}</arg>
<doc>Verifies that the given item is empty.</doc>
<status status="PASS" start="2026-04-27T10:41:27.221956" elapsed="0.000716"/>
</kw>
<kw name="Get Text" owner="Browser">
<msg time="2026-04-27T10:41:27.240669" level="INFO">Text: ''</msg>
<msg time="2026-04-27T10:41:27.240843" level="INFO">${pw_err} = </msg>
<var>${pw_err}</var>
<arg>id=passwordError</arg>
<tag>Assertion</tag>
<tag>Getter</tag>
<tag>PageContent</tag>
<doc>Returns text attribute of the element found by ``selector``.</doc>
<status status="PASS" start="2026-04-27T10:41:27.222817" elapsed="0.018056"/>
</kw>
<kw name="Should Be Empty" owner="BuiltIn">
<msg time="2026-04-27T10:41:27.241960" level="INFO">Length is 0.</msg>
<arg>${pw_err}</arg>
<doc>Verifies that the given item is empty.</doc>
<status status="PASS" start="2026-04-27T10:41:27.241054" elapsed="0.000998"/>
</kw>
<msg time="2026-04-27T10:41:27.259811" level="INFO">Switching context to context=6ff9d025-29f0-4ecf-a4b1-18a7f06e13c8 in CURRENT</msg>
<msg time="2026-04-27T10:41:27.267496" level="INFO">Successfully changed active context: context=6ff9d025-29f0-4ecf-a4b1-18a7f06e13c8</msg>
<msg time="2026-04-27T10:41:27.276604" level="INFO">Successfully closed Context</msg>
<doc>Oikea sähköposti ja pitkä salasana eivät tuota validointivirheitä</doc>
<status status="PASS" start="2026-04-27T10:41:26.478211" elapsed="0.764027"/>
</test>
<kw name="Close Browser" owner="Browser" type="TEARDOWN">
<msg time="2026-04-27T10:41:27.389153" level="INFO">Closed browser</msg>
<tag>BrowserControl</tag>
<tag>Setter</tag>
<doc>Closes the current browser.</doc>
<status status="PASS" start="2026-04-27T10:41:27.278238" elapsed="0.111218"/>
</kw>
<doc>Apneapp – Kirjautumislomakkeen automaatiotestit
Testaaja: Yamama | Branch: Yamama-FE</doc>
<status status="PASS" start="2026-04-27T10:41:15.952029" elapsed="11.437559"/>
</suite>
<statistics>
<total>
<stat pass="6" fail="0" skip="0">All Tests</stat>
</total>
<tag>
</tag>
<suite>
<stat name="Login Tests" id="s1" pass="6" fail="0" skip="0">Login Tests</stat>
</suite>
</statistics>
<errors>
</errors>
</robot>
