<?xml version="1.0" encoding="UTF-8"?>
<robot generator="Robot 7.4.2 (Python 3.13.3 on win32)" generated="2026-05-07T22:28:44.311379" rpa="false" schemaversion="5">
<suite id="s1" name="Login Tests &amp; Register Tests &amp; Be Api Tests">
<suite id="s1-s1" name="Login Tests" source="C:\Users\yamam\OneDrive\Desktop\FE projekti13\Apneapp_FE\apneapp-login\tests\login_tests.robot">
<kw name="New Browser" owner="Browser" type="SETUP">
<msg time="2026-05-07T22:28:45.571468" level="INFO">{"browser": "chromium", "headless": true, "chromiumSandbox": false, "devtools": false, "handleSIGHUP": true, "handleSIGINT": true, "handleSIGTERM": true, "slowMo": 0.0, "timeout": 30000.0, "tracesDir": "C:\\Users\\yamam\\OneDrive\\Desktop\\FE projekti13\\Apneapp_FE\\apneapp-login\\tests\\reports\\browser\\traces\\temp\\1c3034f5-d3b8-45ab-be7f-7c122236bf44"}</msg>
<msg time="2026-05-07T22:28:45.713314" level="INFO">Starting Browser process C:\Users\yamam\AppData\Local\Programs\Python\Python313\Lib\site-packages\Browser\wrapper\index.js using at 127.0.0.1:63753</msg>
<msg time="2026-05-07T22:28:50.911714" level="INFO">Successfully created browser with options: {"browser":"chromium","headless":true,"chromiumSandbox":false,"devtools":false,"handleSIGHUP":true,"handleSIGINT":true,"handleSIGTERM":true,"slowMo":0,"timeout":30000,"tracesDir":"C:\\Users\\yamam\\OneDrive\\Desktop\\FE projekti13\\Apneapp_FE\\apneapp-login\\tests\\reports\\browser\\traces\\temp\\1c3034f5-d3b8-45ab-be7f-7c122236bf44"}</msg>
<arg>chromium</arg>
<arg>headless=True</arg>
<tag>BrowserControl</tag>
<tag>Setter</tag>
<doc>Create a new playwright Browser with specified options.</doc>
<status status="PASS" start="2026-05-07T22:28:45.567183" elapsed="5.345063"/>
</kw>
<test id="s1-s1-t1" name="TC1: Tyhjä lomake – sähköposti ja salasana pakollisia" line="13">
<kw name="New Page" owner="Browser">
<msg time="2026-05-07T22:28:53.215235" level="INFO">Successfully initialized new page object and opened url: file:///C:\Users\yamam\OneDrive\Desktop\FE projekti13\Apneapp_FE\apneapp-login\tests/../index.html</msg>
<msg time="2026-05-07T22:28:53.215445" level="INFO">No context was open. New context was automatically opened when this page is created.</msg>
<arg>${LOGIN_URL}</arg>
<tag>BrowserControl</tag>
<tag>Setter</tag>
<doc>Open a new Page.</doc>
<status status="PASS" start="2026-05-07T22:28:50.969565" elapsed="2.246321"/>
</kw>
<kw name="Click" owner="Browser">
<msg time="2026-05-07T22:28:53.220346" level="INFO">Clicks the element 'id=submitBtn'.</msg>
<arg>id=submitBtn</arg>
<tag>PageContent</tag>
<tag>Setter</tag>
<doc>Simulates mouse click on the element found by ``selector``.</doc>
<status status="PASS" start="2026-05-07T22:28:53.217358" elapsed="0.421201"/>
</kw>
<kw name="Get Text" owner="Browser">
<msg time="2026-05-07T22:28:53.768052" level="INFO">Text: 'Sähköposti on pakollinen'</msg>
<msg time="2026-05-07T22:28:53.768513" level="INFO">${email_err} = Sähköposti on pakollinen</msg>
<var>${email_err}</var>
<arg>id=emailError</arg>
<tag>Assertion</tag>
<tag>Getter</tag>
<tag>PageContent</tag>
<doc>Returns text attribute of the element found by ``selector``.</doc>
<status status="PASS" start="2026-05-07T22:28:53.639300" elapsed="0.129358"/>
</kw>
<kw name="Should Contain" owner="BuiltIn">
<arg>${email_err}</arg>
<arg>pakollinen</arg>
<doc>Fails if ``container`` does not contain ``item`` one or more times.</doc>
<status status="PASS" start="2026-05-07T22:28:53.769589" elapsed="0.002698"/>
</kw>
<kw name="Get Text" owner="Browser">
<msg time="2026-05-07T22:28:53.830839" level="INFO">Text: 'Salasana on pakollinen'</msg>
<msg time="2026-05-07T22:28:53.831175" level="INFO">${pw_err} = Salasana on pakollinen</msg>
<var>${pw_err}</var>
<arg>id=passwordError</arg>
<tag>Assertion</tag>
<tag>Getter</tag>
<tag>PageContent</tag>
<doc>Returns text attribute of the element found by ``selector``.</doc>
<status status="PASS" start="2026-05-07T22:28:53.774385" elapsed="0.056867"/>
</kw>
<kw name="Should Contain" owner="BuiltIn">
<arg>${pw_err}</arg>
<arg>pakollinen</arg>
<doc>Fails if ``container`` does not contain ``item`` one or more times.</doc>
<status status="PASS" start="2026-05-07T22:28:53.835112" elapsed="0.001803"/>
</kw>
<msg time="2026-05-07T22:28:53.883851" level="INFO">Switching context to context=927c4a54-1845-4d66-8799-cef124da649c in CURRENT</msg>
<msg time="2026-05-07T22:28:53.911512" level="INFO">Successfully changed active context: context=927c4a54-1845-4d66-8799-cef124da649c</msg>
<msg time="2026-05-07T22:28:53.966565" level="INFO">Successfully closed Context</msg>
<doc>Tyhjällä lomakkeella kirjautuminen näyttää pakollisuusvirheet</doc>
<status status="PASS" start="2026-05-07T22:28:50.912788" elapsed="2.924915"/>
</test>
<test id="s1-s1-t2" name="TC2: Virheellinen sähköposti näyttää virheilmoituksen" line="22">
<kw name="New Page" owner="Browser">
<msg time="2026-05-07T22:28:55.460701" level="INFO">Successfully initialized new page object and opened url: file:///C:\Users\yamam\OneDrive\Desktop\FE projekti13\Apneapp_FE\apneapp-login\tests/../index.html</msg>
<msg time="2026-05-07T22:28:55.460990" level="INFO">No context was open. New context was automatically opened when this page is created.</msg>
<arg>${LOGIN_URL}</arg>
<tag>BrowserControl</tag>
<tag>Setter</tag>
<doc>Open a new Page.</doc>
<status status="PASS" start="2026-05-07T22:28:53.976383" elapsed="1.485021"/>
</kw>
<kw name="Fill Text" owner="Browser">
<msg time="2026-05-07T22:28:55.464912" level="INFO">Fills the text 'eiole' in the given field.</msg>
<arg>id=email</arg>
<arg>eiole</arg>
<tag>PageContent</tag>
<tag>Setter</tag>
<doc>Clears and fills the given ``txt`` into the text field found by ``selector``.</doc>
<status status="PASS" start="2026-05-07T22:28:55.462849" elapsed="0.140622"/>
</kw>
<kw name="Fill Text" owner="Browser">
<msg time="2026-05-07T22:28:55.611345" level="INFO">Fills the text 'salasana1' in the given field.</msg>
<arg>id=password</arg>
<arg>salasana1</arg>
<tag>PageContent</tag>
<tag>Setter</tag>
<doc>Clears and fills the given ``txt`` into the text field found by ``selector``.</doc>
<status status="PASS" start="2026-05-07T22:28:55.609146" elapsed="0.100756"/>
</kw>
<kw name="Click" owner="Browser">
<msg time="2026-05-07T22:28:55.714206" level="INFO">Clicks the element 'id=submitBtn'.</msg>
<arg>id=submitBtn</arg>
<tag>PageContent</tag>
<tag>Setter</tag>
<doc>Simulates mouse click on the element found by ``selector``.</doc>
<status status="PASS" start="2026-05-07T22:28:55.711506" elapsed="0.103364"/>
</kw>
<kw name="Get Text" owner="Browser">
<msg time="2026-05-07T22:28:56.014340" level="INFO">Text: 'Virheellinen sähköpostiosoite'</msg>
<msg time="2026-05-07T22:28:56.014826" level="INFO">${email_err} = Virheellinen sähköpostiosoite</msg>
<var>${email_err}</var>
<arg>id=emailError</arg>
<tag>Assertion</tag>
<tag>Getter</tag>
<tag>PageContent</tag>
<doc>Returns text attribute of the element found by ``selector``.</doc>
<status status="PASS" start="2026-05-07T22:28:55.817973" elapsed="0.196987"/>
</kw>
<kw name="Should Contain" owner="BuiltIn">
<arg>${email_err}</arg>
<arg>Virheellinen</arg>
<doc>Fails if ``container`` does not contain ``item`` one or more times.</doc>
<status status="PASS" start="2026-05-07T22:28:56.017497" elapsed="0.001949"/>
</kw>
<msg time="2026-05-07T22:28:56.085125" level="INFO">Switching context to context=dd7b2700-e578-46e9-a6e9-1c2715a659f9 in CURRENT</msg>
<msg time="2026-05-07T22:28:56.104213" level="INFO">Successfully changed active context: context=dd7b2700-e578-46e9-a6e9-1c2715a659f9</msg>
<msg time="2026-05-07T22:28:56.124133" level="INFO">Successfully closed Context</msg>
<doc>Sähköposti ilman @-merkkiä hylätään</doc>
<status status="PASS" start="2026-05-07T22:28:53.968196" elapsed="2.052569"/>
</test>
<test id="s1-s1-t3" name="TC3: Sähköposti ilman pistettä hylätään" line="31">
<kw name="New Page" owner="Browser">
<msg time="2026-05-07T22:28:56.962870" level="INFO">Successfully initialized new page object and opened url: file:///C:\Users\yamam\OneDrive\Desktop\FE projekti13\Apneapp_FE\apneapp-login\tests/../index.html</msg>
<msg time="2026-05-07T22:28:56.963470" level="INFO">No context was open. New context was automatically opened when this page is created.</msg>
<arg>${LOGIN_URL}</arg>
<tag>BrowserControl</tag>
<tag>Setter</tag>
<doc>Open a new Page.</doc>
<status status="PASS" start="2026-05-07T22:28:56.133330" elapsed="0.830681"/>
</kw>
<kw name="Fill Text" owner="Browser">
<msg time="2026-05-07T22:28:56.976293" level="INFO">Fills the text 'kayttaja@esimerkki' in the given field.</msg>
<arg>id=email</arg>
<arg>kayttaja@esimerkki</arg>
<tag>PageContent</tag>
<tag>Setter</tag>
<doc>Clears and fills the given ``txt`` into the text field found by ``selector``.</doc>
<status status="PASS" start="2026-05-07T22:28:56.974276" elapsed="0.100800"/>
</kw>
<kw name="Fill Text" owner="Browser">
<msg time="2026-05-07T22:28:57.080116" level="INFO">Fills the text 'salasana1' in the given field.</msg>
<arg>id=password</arg>
<arg>salasana1</arg>
<tag>PageContent</tag>
<tag>Setter</tag>
<doc>Clears and fills the given ``txt`` into the text field found by ``selector``.</doc>
<status status="PASS" start="2026-05-07T22:28:57.078176" elapsed="0.060883"/>
</kw>
<kw name="Click" owner="Browser">
<msg time="2026-05-07T22:28:57.167549" level="INFO">Clicks the element 'id=submitBtn'.</msg>
<arg>id=submitBtn</arg>
<tag>PageContent</tag>
<tag>Setter</tag>
<doc>Simulates mouse click on the element found by ``selector``.</doc>
<status status="PASS" start="2026-05-07T22:28:57.163812" elapsed="0.109092"/>
</kw>
<kw name="Get Text" owner="Browser">
<msg time="2026-05-07T22:28:57.386891" level="INFO">Text: 'Virheellinen sähköpostiosoite'</msg>
<msg time="2026-05-07T22:28:57.387260" level="INFO">${email_err} = Virheellinen sähköpostiosoite</msg>
<var>${email_err}</var>
<arg>id=emailError</arg>
<tag>Assertion</tag>
<tag>Getter</tag>
<tag>PageContent</tag>
<doc>Returns text attribute of the element found by ``selector``.</doc>
<status status="PASS" start="2026-05-07T22:28:57.273809" elapsed="0.113553"/>
</kw>
<kw name="Should Contain" owner="BuiltIn">
<arg>${email_err}</arg>
<arg>Virheellinen</arg>
<doc>Fails if ``container`` does not contain ``item`` one or more times.</doc>
<status status="PASS" start="2026-05-07T22:28:57.389873" elapsed="0.001784"/>
</kw>
<msg time="2026-05-07T22:28:57.436505" level="INFO">Switching context to context=dd415b6a-9aef-4020-b9f2-ae1f7471eb7f in CURRENT</msg>
<msg time="2026-05-07T22:28:57.463644" level="INFO">Successfully changed active context: context=dd415b6a-9aef-4020-b9f2-ae1f7471eb7f</msg>
<msg time="2026-05-07T22:28:57.495300" level="INFO">Successfully closed Context</msg>
<doc>Sähköposti ilman domainpistettä hylätään</doc>
<status status="PASS" start="2026-05-07T22:28:56.125859" elapsed="1.266883"/>
</test>
<test id="s1-s1-t4" name="TC4: Liian lyhyt salasana hylätään" line="40">
<kw name="New Page" owner="Browser">
<msg time="2026-05-07T22:28:58.357849" level="INFO">Successfully initialized new page object and opened url: file:///C:\Users\yamam\OneDrive\Desktop\FE projekti13\Apneapp_FE\apneapp-login\tests/../index.html</msg>
<msg time="2026-05-07T22:28:58.358032" level="INFO">No context was open. New context was automatically opened when this page is created.</msg>
<arg>${LOGIN_URL}</arg>
<tag>BrowserControl</tag>
<tag>Setter</tag>
<doc>Open a new Page.</doc>
<status status="PASS" start="2026-05-07T22:28:57.511047" elapsed="0.847398"/>
</kw>
<kw name="Fill Text" owner="Browser">
<msg time="2026-05-07T22:28:58.362640" level="INFO">Fills the text 'kayttaja@email.fi' in the given field.</msg>
<arg>id=email</arg>
<arg>kayttaja@email.fi</arg>
<tag>PageContent</tag>
<tag>Setter</tag>
<doc>Clears and fills the given ``txt`` into the text field found by ``selector``.</doc>
<status status="PASS" start="2026-05-07T22:28:58.360416" elapsed="0.108866"/>
</kw>
<kw name="Fill Text" owner="Browser">
<msg time="2026-05-07T22:28:58.477518" level="INFO">Fills the text 'abc' in the given field.</msg>
<arg>id=password</arg>
<arg>abc</arg>
<tag>PageContent</tag>
<tag>Setter</tag>
<doc>Clears and fills the given ``txt`` into the text field found by ``selector``.</doc>
<status status="PASS" start="2026-05-07T22:28:58.475667" elapsed="0.039474"/>
</kw>
<kw name="Click" owner="Browser">
<msg time="2026-05-07T22:28:58.528918" level="INFO">Clicks the element 'id=submitBtn'.</msg>
<arg>id=submitBtn</arg>
<tag>PageContent</tag>
<tag>Setter</tag>
<doc>Simulates mouse click on the element found by ``selector``.</doc>
<status status="PASS" start="2026-05-07T22:28:58.527119" elapsed="0.160541"/>
</kw>
<kw name="Get Text" owner="Browser">
<msg time="2026-05-07T22:28:58.784933" level="INFO">Text: 'Salasanan on oltava vähintään 6 merkkiä'</msg>
<msg time="2026-05-07T22:28:58.785346" level="INFO">${pw_err} = Salasanan on oltava vähintään 6 merkkiä</msg>
<var>${pw_err}</var>
<arg>id=passwordError</arg>
<tag>Assertion</tag>
<tag>Getter</tag>
<tag>PageContent</tag>
<doc>Returns text attribute of the element found by ``selector``.</doc>
<status status="PASS" start="2026-05-07T22:28:58.688553" elapsed="0.096897"/>
</kw>
<kw name="Should Contain" owner="BuiltIn">
<arg>${pw_err}</arg>
<arg>6 merkkiä</arg>
<doc>Fails if ``container`` does not contain ``item`` one or more times.</doc>
<status status="PASS" start="2026-05-07T22:28:58.786619" elapsed="0.001723"/>
</kw>
<msg time="2026-05-07T22:28:58.826085" level="INFO">Switching context to context=24bb09ee-69a2-4000-8ec6-033279c3b555 in CURRENT</msg>
<msg time="2026-05-07T22:28:58.845467" level="INFO">Successfully changed active context: context=24bb09ee-69a2-4000-8ec6-033279c3b555</msg>
<msg time="2026-05-07T22:28:58.862878" level="INFO">Successfully closed Context</msg>
<doc>Alle 6 merkin salasana näyttää virheilmoituksen</doc>
<status status="PASS" start="2026-05-07T22:28:57.503483" elapsed="1.285552"/>
</test>
<test id="s1-s1-t5" name="TC5: Tyhjä salasana hylätään" line="49">
<kw name="New Page" owner="Browser">
<msg time="2026-05-07T22:29:00.027740" level="INFO">Successfully initialized new page object and opened url: file:///C:\Users\yamam\OneDrive\Desktop\FE projekti13\Apneapp_FE\apneapp-login\tests/../index.html</msg>
<msg time="2026-05-07T22:29:00.027947" level="INFO">No context was open. New context was automatically opened when this page is created.</msg>
<arg>${LOGIN_URL}</arg>
<tag>BrowserControl</tag>
<tag>Setter</tag>
<doc>Open a new Page.</doc>
<status status="PASS" start="2026-05-07T22:28:58.872120" elapsed="1.156249"/>
</kw>
<kw name="Fill Text" owner="Browser">
<msg time="2026-05-07T22:29:00.037491" level="INFO">Fills the text 'kayttaja@email.fi' in the given field.</msg>
<arg>id=email</arg>
<arg>kayttaja@email.fi</arg>
<tag>PageContent</tag>
<tag>Setter</tag>
<doc>Clears and fills the given ``txt`` into the text field found by ``selector``.</doc>
<status status="PASS" start="2026-05-07T22:29:00.035214" elapsed="0.123610"/>
</kw>
<kw name="Click" owner="Browser">
<msg time="2026-05-07T22:29:00.161578" level="INFO">Clicks the element 'id=submitBtn'.</msg>
<arg>id=submitBtn</arg>
<tag>PageContent</tag>
<tag>Setter</tag>
<doc>Simulates mouse click on the element found by ``selector``.</doc>
<status status="PASS" start="2026-05-07T22:29:00.159661" elapsed="0.180083"/>
</kw>
<kw name="Get Text" owner="Browser">
<msg time="2026-05-07T22:29:00.461707" level="INFO">Text: 'Salasana on pakollinen'</msg>
<msg time="2026-05-07T22:29:00.462121" level="INFO">${pw_err} = Salasana on pakollinen</msg>
<var>${pw_err}</var>
<arg>id=passwordError</arg>
<tag>Assertion</tag>
<tag>Getter</tag>
<tag>PageContent</tag>
<doc>Returns text attribute of the element found by ``selector``.</doc>
<status status="PASS" start="2026-05-07T22:29:00.343938" elapsed="0.118292"/>
</kw>
<kw name="Should Contain" owner="BuiltIn">
<arg>${pw_err}</arg>
<arg>pakollinen</arg>
<doc>Fails if ``container`` does not contain ``item`` one or more times.</doc>
<status status="PASS" start="2026-05-07T22:29:00.463560" elapsed="0.002133"/>
</kw>
<msg time="2026-05-07T22:29:00.509081" level="INFO">Switching context to context=1d7865c8-2708-49a6-8896-a5e6bc5f0c9a in CURRENT</msg>
<msg time="2026-05-07T22:29:00.531945" level="INFO">Successfully changed active context: context=1d7865c8-2708-49a6-8896-a5e6bc5f0c9a</msg>
<msg time="2026-05-07T22:29:00.549115" level="INFO">Successfully closed Context</msg>
<doc>Tyhjä salasanakenttä näyttää pakollisuusvirheen</doc>
<status status="PASS" start="2026-05-07T22:28:58.865055" elapsed="1.604851"/>
</test>
<test id="s1-s1-t6" name="TC6: Oikeilla arvoilla ei validointivirheitä" line="57">
<kw name="New Page" owner="Browser">
<msg time="2026-05-07T22:29:01.277537" level="INFO">Successfully initialized new page object and opened url: file:///C:\Users\yamam\OneDrive\Desktop\FE projekti13\Apneapp_FE\apneapp-login\tests/../index.html</msg>
<msg time="2026-05-07T22:29:01.277801" level="INFO">No context was open. New context was automatically opened when this page is created.</msg>
<arg>${LOGIN_URL}</arg>
<tag>BrowserControl</tag>
<tag>Setter</tag>
<doc>Open a new Page.</doc>
<status status="PASS" start="2026-05-07T22:29:00.561303" elapsed="0.716990"/>
</kw>
<kw name="Fill Text" owner="Browser">
<msg time="2026-05-07T22:29:01.284695" level="INFO">Fills the text 'kayttaja@email.fi' in the given field.</msg>
<arg>id=email</arg>
<arg>kayttaja@email.fi</arg>
<tag>PageContent</tag>
<tag>Setter</tag>
<doc>Clears and fills the given ``txt`` into the text field found by ``selector``.</doc>
<status status="PASS" start="2026-05-07T22:29:01.282539" elapsed="0.089875"/>
</kw>
<kw name="Fill Text" owner="Browser">
<msg time="2026-05-07T22:29:01.375125" level="INFO">Fills the text 'salasana1' in the given field.</msg>
<arg>id=password</arg>
<arg>salasana1</arg>
<tag>PageContent</tag>
<tag>Setter</tag>
<doc>Clears and fills the given ``txt`` into the text field found by ``selector``.</doc>
<status status="PASS" start="2026-05-07T22:29:01.373299" elapsed="0.038601"/>
</kw>
<kw name="Click" owner="Browser">
<msg time="2026-05-07T22:29:01.415564" level="INFO">Clicks the element 'id=submitBtn'.</msg>
<arg>id=submitBtn</arg>
<tag>PageContent</tag>
<tag>Setter</tag>
<doc>Simulates mouse click on the element found by ``selector``.</doc>
<status status="PASS" start="2026-05-07T22:29:01.413603" elapsed="0.196553"/>
</kw>
<kw name="Get Text" owner="Browser">
<msg time="2026-05-07T22:29:01.682289" level="INFO">Text: ''</msg>
<msg time="2026-05-07T22:29:01.682613" level="INFO">${email_err} = </msg>
<var>${email_err}</var>
<arg>id=emailError</arg>
<tag>Assertion</tag>
<tag>Getter</tag>
<tag>PageContent</tag>
<doc>Returns text attribute of the element found by ``selector``.</doc>
<status status="PASS" start="2026-05-07T22:29:01.611057" elapsed="0.071632"/>
</kw>
<kw name="Should Be Empty" owner="BuiltIn">
<msg time="2026-05-07T22:29:01.685479" level="INFO">Length is 0.</msg>
<arg>${email_err}</arg>
<doc>Verifies that the given item is empty.</doc>
<status status="PASS" start="2026-05-07T22:29:01.683708" elapsed="0.001914"/>
</kw>
<kw name="Get Text" owner="Browser">
<msg time="2026-05-07T22:29:01.725459" level="INFO">Text: ''</msg>
<msg time="2026-05-07T22:29:01.725773" level="INFO">${pw_err} = </msg>
<var>${pw_err}</var>
<arg>id=passwordError</arg>
<tag>Assertion</tag>
<tag>Getter</tag>
<tag>PageContent</tag>
<doc>Returns text attribute of the element found by ``selector``.</doc>
<status status="PASS" start="2026-05-07T22:29:01.686427" elapsed="0.039421"/>
</kw>
<kw name="Should Be Empty" owner="BuiltIn">
<msg time="2026-05-07T22:29:01.728416" level="INFO">Length is 0.</msg>
<arg>${pw_err}</arg>
<doc>Verifies that the given item is empty.</doc>
<status status="PASS" start="2026-05-07T22:29:01.726866" elapsed="0.001714"/>
</kw>
<msg time="2026-05-07T22:29:01.759058" level="INFO">Switching context to context=5d534dcd-f4ef-490a-82b2-ff39f3f89a67 in CURRENT</msg>
<msg time="2026-05-07T22:29:01.776217" level="INFO">Successfully changed active context: context=5d534dcd-f4ef-490a-82b2-ff39f3f89a67</msg>
<msg time="2026-05-07T22:29:01.792978" level="INFO">Successfully closed Context</msg>
<doc>Oikea sähköposti ja pitkä salasana eivät tuota validointivirheitä</doc>
<status status="PASS" start="2026-05-07T22:29:00.553967" elapsed="1.175247"/>
</test>
<kw name="Close Browser" owner="Browser" type="TEARDOWN">
<msg time="2026-05-07T22:29:01.951902" level="INFO">Closed browser</msg>
<tag>BrowserControl</tag>
<tag>Setter</tag>
<doc>Closes the current browser.</doc>
<status status="PASS" start="2026-05-07T22:29:01.796137" elapsed="0.156179"/>
</kw>
<doc>Apneapp – Kirjautumislomakkeen automaatiotestit
Testaaja: Yamama | Branch: Yamama-FE</doc>
<status status="PASS" start="2026-05-07T22:28:44.426979" elapsed="17.525552"/>
</suite>
<suite id="s1-s2" name="Register Tests" source="C:\Users\yamam\OneDrive\Desktop\FE projekti13\Apneapp_FE\apneapp-login\tests\register_tests.robot">
<kw name="New Browser" owner="Browser" type="SETUP">
<msg time="2026-05-07T22:29:01.986709" level="INFO">{"browser": "chromium", "headless": true, "chromiumSandbox": false, "devtools": false, "handleSIGHUP": true, "handleSIGINT": true, "handleSIGTERM": true, "slowMo": 0.0, "timeout": 30000.0, "tracesDir": "C:\\Users\\yamam\\OneDrive\\Desktop\\FE projekti13\\Apneapp_FE\\apneapp-login\\tests\\reports\\browser\\traces\\temp\\2233e3ba-4b22-48e9-8c98-10bb24fe6a55"}</msg>
<msg time="2026-05-07T22:29:02.302145" level="INFO">Successfully created browser with options: {"browser":"chromium","headless":true,"chromiumSandbox":false,"devtools":false,"handleSIGHUP":true,"handleSIGINT":true,"handleSIGTERM":true,"slowMo":0,"timeout":30000,"tracesDir":"C:\\Users\\yamam\\OneDrive\\Desktop\\FE projekti13\\Apneapp_FE\\apneapp-login\\tests\\reports\\browser\\traces\\temp\\2233e3ba-4b22-48e9-8c98-10bb24fe6a55"}</msg>
<arg>chromium</arg>
<arg>headless=True</arg>
<tag>BrowserControl</tag>
<tag>Setter</tag>
<doc>Create a new playwright Browser with specified options.</doc>
<status status="PASS" start="2026-05-07T22:29:01.983915" elapsed="0.318732"/>
</kw>
<test id="s1-s2-t1" name="TC1: Tyhjä lomake – kaikki kentät pakollisia" line="13">
<kw name="New Page" owner="Browser">
<msg time="2026-05-07T22:29:03.789976" level="INFO">Successfully initialized new page object and opened url: file:///C:\Users\yamam\OneDrive\Desktop\FE projekti13\Apneapp_FE\apneapp-login\tests/../register.html</msg>
<msg time="2026-05-07T22:29:03.790170" level="INFO">No context was open. New context was automatically opened when this page is created.</msg>
<arg>${REGISTER_URL}</arg>
<tag>BrowserControl</tag>
<tag>Setter</tag>
<doc>Open a new Page.</doc>
<status status="PASS" start="2026-05-07T22:29:02.312178" elapsed="1.478364"/>
</kw>
<kw name="Click" owner="Browser">
<msg time="2026-05-07T22:29:03.800846" level="INFO">Clicks the element 'id=submitBtn'.</msg>
<arg>id=submitBtn</arg>
<tag>PageContent</tag>
<tag>Setter</tag>
<doc>Simulates mouse click on the element found by ``selector``.</doc>
<status status="PASS" start="2026-05-07T22:29:03.798297" elapsed="0.306844"/>
</kw>
<kw name="Get Text" owner="Browser">
<msg time="2026-05-07T22:29:04.204443" level="INFO">Text: 'Etunimi on pakollinen'</msg>
<msg time="2026-05-07T22:29:04.204795" level="INFO">${fn_err} = Etunimi on pakollinen</msg>
<var>${fn_err}</var>
<arg>id=firstNameError</arg>
<tag>Assertion</tag>
<tag>Getter</tag>
<tag>PageContent</tag>
<doc>Returns text attribute of the element found by ``selector``.</doc>
<status status="PASS" start="2026-05-07T22:29:04.105947" elapsed="0.098939"/>
</kw>
<kw name="Should Contain" owner="BuiltIn">
<arg>${fn_err}</arg>
<arg>pakollinen</arg>
<doc>Fails if ``container`` does not contain ``item`` one or more times.</doc>
<status status="PASS" start="2026-05-07T22:29:04.209340" elapsed="0.001794"/>
</kw>
<kw name="Get Text" owner="Browser">
<msg time="2026-05-07T22:29:04.278311" level="INFO">Text: 'Sukunimi on pakollinen'</msg>
<msg time="2026-05-07T22:29:04.278658" level="INFO">${ln_err} = Sukunimi on pakollinen</msg>
<var>${ln_err}</var>
<arg>id=lastNameError</arg>
<tag>Assertion</tag>
<tag>Getter</tag>
<tag>PageContent</tag>
<doc>Returns text attribute of the element found by ``selector``.</doc>
<status status="PASS" start="2026-05-07T22:29:04.212379" elapsed="0.066657"/>
</kw>
<kw name="Should Contain" owner="BuiltIn">
<arg>${ln_err}</arg>
<arg>pakollinen</arg>
<doc>Fails if ``container`` does not contain ``item`` one or more times.</doc>
<status status="PASS" start="2026-05-07T22:29:04.284441" elapsed="0.001751"/>
</kw>
<msg time="2026-05-07T22:29:04.334695" level="INFO">Switching context to context=cb1cb698-bcf0-47f2-941e-c00efcee2fff in CURRENT</msg>
<msg time="2026-05-07T22:29:04.354924" level="INFO">Successfully changed active context: context=cb1cb698-bcf0-47f2-941e-c00efcee2fff</msg>
<msg time="2026-05-07T22:29:04.380423" level="INFO">Successfully closed Context</msg>
<doc>Tyhjällä lomakkeella rekisteröityminen näyttää pakollisuusvirheet</doc>
<status status="PASS" start="2026-05-07T22:29:02.303034" elapsed="1.986815"/>
</test>
<test id="s1-s2-t2" name="TC2: Virheellinen sähköposti hylätään" line="22">
<kw name="New Page" owner="Browser">
<msg time="2026-05-07T22:29:05.099436" level="INFO">Successfully initialized new page object and opened url: file:///C:\Users\yamam\OneDrive\Desktop\FE projekti13\Apneapp_FE\apneapp-login\tests/../register.html</msg>
<msg time="2026-05-07T22:29:05.099594" level="INFO">No context was open. New context was automatically opened when this page is created.</msg>
<arg>${REGISTER_URL}</arg>
<tag>BrowserControl</tag>
<tag>Setter</tag>
<doc>Open a new Page.</doc>
<status status="PASS" start="2026-05-07T22:29:04.407905" elapsed="0.692023"/>
</kw>
<kw name="Fill Text" owner="Browser">
<msg time="2026-05-07T22:29:05.103248" level="INFO">Fills the text 'Testi' in the given field.</msg>
<arg>id=firstName</arg>
<arg>Testi</arg>
<tag>PageContent</tag>
<tag>Setter</tag>
<doc>Clears and fills the given ``txt`` into the text field found by ``selector``.</doc>
<status status="PASS" start="2026-05-07T22:29:05.100589" elapsed="0.078884"/>
</kw>
<kw name="Fill Text" owner="Browser">
<msg time="2026-05-07T22:29:05.182017" level="INFO">Fills the text 'Kayttaja' in the given field.</msg>
<arg>id=lastName</arg>
<arg>Kayttaja</arg>
<tag>PageContent</tag>
<tag>Setter</tag>
<doc>Clears and fills the given ``txt`` into the text field found by ``selector``.</doc>
<status status="PASS" start="2026-05-07T22:29:05.180318" elapsed="0.029950"/>
</kw>
<kw name="Fill Text" owner="Browser">
<msg time="2026-05-07T22:29:05.213546" level="INFO">Fills the text 'eiole' in the given field.</msg>
<arg>id=email</arg>
<arg>eiole</arg>
<tag>PageContent</tag>
<tag>Setter</tag>
<doc>Clears and fills the given ``txt`` into the text field found by ``selector``.</doc>
<status status="PASS" start="2026-05-07T22:29:05.211385" elapsed="0.037365"/>
</kw>
<kw name="Fill Text" owner="Browser">
<msg time="2026-05-07T22:29:05.254431" level="INFO">Fills the text 'salasana1' in the given field.</msg>
<arg>id=password</arg>
<arg>salasana1</arg>
<tag>PageContent</tag>
<tag>Setter</tag>
<doc>Clears and fills the given ``txt`` into the text field found by ``selector``.</doc>
<status status="PASS" start="2026-05-07T22:29:05.251388" elapsed="0.106722"/>
</kw>
<kw name="Fill Text" owner="Browser">
<msg time="2026-05-07T22:29:05.367593" level="INFO">Fills the text 'salasana1' in the given field.</msg>
<arg>id=confirmPassword</arg>
<arg>salasana1</arg>
<tag>PageContent</tag>
<tag>Setter</tag>
<doc>Clears and fills the given ``txt`` into the text field found by ``selector``.</doc>
<status status="PASS" start="2026-05-07T22:29:05.365661" elapsed="0.032909"/>
</kw>
<kw name="Click" owner="Browser">
<msg time="2026-05-07T22:29:05.404439" level="INFO">Clicks the element 'id=submitBtn'.</msg>
<arg>id=submitBtn</arg>
<tag>PageContent</tag>
<tag>Setter</tag>
<doc>Simulates mouse click on the element found by ``selector``.</doc>
<status status="PASS" start="2026-05-07T22:29:05.401633" elapsed="0.082584"/>
</kw>
<kw name="Get Text" owner="Browser">
<msg time="2026-05-07T22:29:05.582481" level="INFO">Text: 'Virheellinen sähköpostiosoite'</msg>
<msg time="2026-05-07T22:29:05.582827" level="INFO">${email_err} = Virheellinen sähköpostiosoite</msg>
<var>${email_err}</var>
<arg>id=emailError</arg>
<tag>Assertion</tag>
<tag>Getter</tag>
<tag>PageContent</tag>
<doc>Returns text attribute of the element found by ``selector``.</doc>
<status status="PASS" start="2026-05-07T22:29:05.484892" elapsed="0.098025"/>
</kw>
<kw name="Should Contain" owner="BuiltIn">
<arg>${email_err}</arg>
<arg>Virheellinen</arg>
<doc>Fails if ``container`` does not contain ``item`` one or more times.</doc>
<status status="PASS" start="2026-05-07T22:29:05.583744" elapsed="0.001823"/>
</kw>
<msg time="2026-05-07T22:29:05.615239" level="INFO">Switching context to context=38bd0300-0324-449c-a63a-b9670d6318ae in CURRENT</msg>
<msg time="2026-05-07T22:29:05.630773" level="INFO">Successfully changed active context: context=38bd0300-0324-449c-a63a-b9670d6318ae</msg>
<msg time="2026-05-07T22:29:05.647646" level="INFO">Successfully closed Context</msg>
<doc>Virheellinen sähköpostiosoite näyttää virheilmoituksen</doc>
<status status="PASS" start="2026-05-07T22:29:04.392495" elapsed="1.194065"/>
</test>
<test id="s1-s2-t3" name="TC3: Liian lyhyt salasana hylätään (alle 8 merkkiä)" line="34">
<kw name="New Page" owner="Browser">
<msg time="2026-05-07T22:29:06.607136" level="INFO">Successfully initialized new page object and opened url: file:///C:\Users\yamam\OneDrive\Desktop\FE projekti13\Apneapp_FE\apneapp-login\tests/../register.html</msg>
<msg time="2026-05-07T22:29:06.607344" level="INFO">No context was open. New context was automatically opened when this page is created.</msg>
<arg>${REGISTER_URL}</arg>
<tag>BrowserControl</tag>
<tag>Setter</tag>
<doc>Open a new Page.</doc>
<status status="PASS" start="2026-05-07T22:29:05.698788" elapsed="0.909051"/>
</kw>
<kw name="Fill Text" owner="Browser">
<msg time="2026-05-07T22:29:06.616132" level="INFO">Fills the text 'Testi' in the given field.</msg>
<arg>id=firstName</arg>
<arg>Testi</arg>
<tag>PageContent</tag>
<tag>Setter</tag>
<doc>Clears and fills the given ``txt`` into the text field found by ``selector``.</doc>
<status status="PASS" start="2026-05-07T22:29:06.613908" elapsed="0.082564"/>
</kw>
<kw name="Fill Text" owner="Browser">
<msg time="2026-05-07T22:29:06.699061" level="INFO">Fills the text 'Kayttaja' in the given field.</msg>
<arg>id=lastName</arg>
<arg>Kayttaja</arg>
<tag>PageContent</tag>
<tag>Setter</tag>
<doc>Clears and fills the given ``txt`` into the text field found by ``selector``.</doc>
<status status="PASS" start="2026-05-07T22:29:06.697229" elapsed="0.029317"/>
</kw>
<kw name="Fill Text" owner="Browser">
<msg time="2026-05-07T22:29:06.729178" level="INFO">Fills the text 'kayttaja@email.fi' in the given field.</msg>
<arg>id=email</arg>
<arg>kayttaja@email.fi</arg>
<tag>PageContent</tag>
<tag>Setter</tag>
<doc>Clears and fills the given ``txt`` into the text field found by ``selector``.</doc>
<status status="PASS" start="2026-05-07T22:29:06.727293" elapsed="0.027185"/>
</kw>
<kw name="Fill Text" owner="Browser">
<msg time="2026-05-07T22:29:06.756650" level="INFO">Fills the text 'abc1234' in the given field.</msg>
<arg>id=password</arg>
<arg>abc1234</arg>
<tag>PageContent</tag>
<tag>Setter</tag>
<doc>Clears and fills the given ``txt`` into the text field found by ``selector``.</doc>
<status status="PASS" start="2026-05-07T22:29:06.755291" elapsed="0.030144"/>
</kw>
<kw name="Fill Text" owner="Browser">
<msg time="2026-05-07T22:29:06.790355" level="INFO">Fills the text 'abc1234' in the given field.</msg>
<arg>id=confirmPassword</arg>
<arg>abc1234</arg>
<tag>PageContent</tag>
<tag>Setter</tag>
<doc>Clears and fills the given ``txt`` into the text field found by ``selector``.</doc>
<status status="PASS" start="2026-05-07T22:29:06.788292" elapsed="0.032218"/>
</kw>
<kw name="Click" owner="Browser">
<msg time="2026-05-07T22:29:06.824897" level="INFO">Clicks the element 'id=submitBtn'.</msg>
<arg>id=submitBtn</arg>
<tag>PageContent</tag>
<tag>Setter</tag>
<doc>Simulates mouse click on the element found by ``selector``.</doc>
<status status="PASS" start="2026-05-07T22:29:06.822850" elapsed="0.090916"/>
</kw>
<kw name="Get Text" owner="Browser">
<msg time="2026-05-07T22:29:07.003717" level="INFO">Text: 'Salasanan on oltava vähintään 8 merkkiä'</msg>
<msg time="2026-05-07T22:29:07.004057" level="INFO">${pw_err} = Salasanan on oltava vähintään 8 merkkiä</msg>
<var>${pw_err}</var>
<arg>id=passwordError</arg>
<tag>Assertion</tag>
<tag>Getter</tag>
<tag>PageContent</tag>
<doc>Returns text attribute of the element found by ``selector``.</doc>
<status status="PASS" start="2026-05-07T22:29:06.915109" elapsed="0.089032"/>
</kw>
<kw name="Should Contain" owner="BuiltIn">
<arg>${pw_err}</arg>
<arg>8 merkkiä</arg>
<doc>Fails if ``container`` does not contain ``item`` one or more times.</doc>
<status status="PASS" start="2026-05-07T22:29:07.004910" elapsed="0.001650"/>
</kw>
<msg time="2026-05-07T22:29:07.041270" level="INFO">Switching context to context=740e637d-c2aa-4dfe-8878-1bfa38b4ed89 in CURRENT</msg>
<msg time="2026-05-07T22:29:07.058435" level="INFO">Successfully changed active context: context=740e637d-c2aa-4dfe-8878-1bfa38b4ed89</msg>
<msg time="2026-05-07T22:29:07.074906" level="INFO">Successfully closed Context</msg>
<doc>Alle 8 merkin salasana rekisteröinnissä hylätään</doc>
<status status="PASS" start="2026-05-07T22:29:05.692140" elapsed="1.315255"/>
</test>
<test id="s1-s2-t4" name="TC4: Erilaiset salasanat hylätään" line="46">
<kw name="New Page" owner="Browser">
<msg time="2026-05-07T22:29:07.671131" level="INFO">Successfully initialized new page object and opened url: file:///C:\Users\yamam\OneDrive\Desktop\FE projekti13\Apneapp_FE\apneapp-login\tests/../register.html</msg>
<msg time="2026-05-07T22:29:07.671337" level="INFO">No context was open. New context was automatically opened when this page is created.</msg>
<arg>${REGISTER_URL}</arg>
<tag>BrowserControl</tag>
<tag>Setter</tag>
<doc>Open a new Page.</doc>
<status status="PASS" start="2026-05-07T22:29:07.083772" elapsed="0.588163"/>
</kw>
<kw name="Fill Text" owner="Browser">
<msg time="2026-05-07T22:29:07.677019" level="INFO">Fills the text 'Testi' in the given field.</msg>
<arg>id=firstName</arg>
<arg>Testi</arg>
<tag>PageContent</tag>
<tag>Setter</tag>
<doc>Clears and fills the given ``txt`` into the text field found by ``selector``.</doc>
<status status="PASS" start="2026-05-07T22:29:07.675095" elapsed="0.083300"/>
</kw>
<kw name="Fill Text" owner="Browser">
<msg time="2026-05-07T22:29:07.761043" level="INFO">Fills the text 'Kayttaja' in the given field.</msg>
<arg>id=lastName</arg>
<arg>Kayttaja</arg>
<tag>PageContent</tag>
<tag>Setter</tag>
<doc>Clears and fills the given ``txt`` into the text field found by ``selector``.</doc>
<status status="PASS" start="2026-05-07T22:29:07.759196" elapsed="0.033543"/>
</kw>
<kw name="Fill Text" owner="Browser">
<msg time="2026-05-07T22:29:07.795668" level="INFO">Fills the text 'kayttaja@email.fi' in the given field.</msg>
<arg>id=email</arg>
<arg>kayttaja@email.fi</arg>
<tag>PageContent</tag>
<tag>Setter</tag>
<doc>Clears and fills the given ``txt`` into the text field found by ``selector``.</doc>
<status status="PASS" start="2026-05-07T22:29:07.793775" elapsed="0.026478"/>
</kw>
<kw name="Fill Text" owner="Browser">
<msg time="2026-05-07T22:29:07.822295" level="INFO">Fills the text 'salasana1' in the given field.</msg>
<arg>id=password</arg>
<arg>salasana1</arg>
<tag>PageContent</tag>
<tag>Setter</tag>
<doc>Clears and fills the given ``txt`` into the text field found by ``selector``.</doc>
<status status="PASS" start="2026-05-07T22:29:07.820889" elapsed="0.031227"/>
</kw>
<kw name="Fill Text" owner="Browser">
<msg time="2026-05-07T22:29:07.855359" level="INFO">Fills the text 'erilainen1' in the given field.</msg>
<arg>id=confirmPassword</arg>
<arg>erilainen1</arg>
<tag>PageContent</tag>
<tag>Setter</tag>
<doc>Clears and fills the given ``txt`` into the text field found by ``selector``.</doc>
<status status="PASS" start="2026-05-07T22:29:07.853026" elapsed="0.036060"/>
</kw>
<kw name="Click" owner="Browser">
<msg time="2026-05-07T22:29:07.896984" level="INFO">Clicks the element 'id=submitBtn'.</msg>
<arg>id=submitBtn</arg>
<tag>PageContent</tag>
<tag>Setter</tag>
<doc>Simulates mouse click on the element found by ``selector``.</doc>
<status status="PASS" start="2026-05-07T22:29:07.895219" elapsed="0.091707"/>
</kw>
<kw name="Get Text" owner="Browser">
<msg time="2026-05-07T22:29:08.073903" level="INFO">Text: 'Salasanat eivät täsmää'</msg>
<msg time="2026-05-07T22:29:08.074163" level="INFO">${confirm_err} = Salasanat eivät täsmää</msg>
<var>${confirm_err}</var>
<arg>id=confirmPasswordError</arg>
<tag>Assertion</tag>
<tag>Getter</tag>
<tag>PageContent</tag>
<doc>Returns text attribute of the element found by ``selector``.</doc>
<status status="PASS" start="2026-05-07T22:29:07.988140" elapsed="0.086075"/>
</kw>
<kw name="Should Contain" owner="BuiltIn">
<arg>${confirm_err}</arg>
<arg>täsmää</arg>
<doc>Fails if ``container`` does not contain ``item`` one or more times.</doc>
<status status="PASS" start="2026-05-07T22:29:08.074795" elapsed="0.001330"/>
</kw>
<msg time="2026-05-07T22:29:08.108648" level="INFO">Switching context to context=e68faca4-3416-4f9a-afc3-badeb98899eb in CURRENT</msg>
<msg time="2026-05-07T22:29:08.128105" level="INFO">Successfully changed active context: context=e68faca4-3416-4f9a-afc3-badeb98899eb</msg>
<msg time="2026-05-07T22:29:08.143147" level="INFO">Successfully closed Context</msg>
<doc>Jos salasanat eivät täsmää, näytetään virheilmoitus</doc>
<status status="PASS" start="2026-05-07T22:29:07.076302" elapsed="1.000825"/>
</test>
<test id="s1-s2-t5" name="TC5: Puuttuva etunimi hylätään" line="58">
<kw name="New Page" owner="Browser">
<msg time="2026-05-07T22:29:08.814911" level="INFO">Successfully initialized new page object and opened url: file:///C:\Users\yamam\OneDrive\Desktop\FE projekti13\Apneapp_FE\apneapp-login\tests/../register.html</msg>
<msg time="2026-05-07T22:29:08.815096" level="INFO">No context was open. New context was automatically opened when this page is created.</msg>
<arg>${REGISTER_URL}</arg>
<tag>BrowserControl</tag>
<tag>Setter</tag>
<doc>Open a new Page.</doc>
<status status="PASS" start="2026-05-07T22:29:08.152569" elapsed="0.662980"/>
</kw>
<kw name="Fill Text" owner="Browser">
<msg time="2026-05-07T22:29:08.818660" level="INFO">Fills the text 'Kayttaja' in the given field.</msg>
<arg>id=lastName</arg>
<arg>Kayttaja</arg>
<tag>PageContent</tag>
<tag>Setter</tag>
<doc>Clears and fills the given ``txt`` into the text field found by ``selector``.</doc>
<status status="PASS" start="2026-05-07T22:29:08.816313" elapsed="0.081926"/>
</kw>
<kw name="Fill Text" owner="Browser">
<msg time="2026-05-07T22:29:08.900836" level="INFO">Fills the text 'kayttaja@email.fi' in the given field.</msg>
<arg>id=email</arg>
<arg>kayttaja@email.fi</arg>
<tag>PageContent</tag>
<tag>Setter</tag>
<doc>Clears and fills the given ``txt`` into the text field found by ``selector``.</doc>
<status status="PASS" start="2026-05-07T22:29:08.898958" elapsed="0.026566"/>
</kw>
<kw name="Fill Text" owner="Browser">
<msg time="2026-05-07T22:29:08.928331" level="INFO">Fills the text 'salasana1' in the given field.</msg>
<arg>id=password</arg>
<arg>salasana1</arg>
<tag>PageContent</tag>
<tag>Setter</tag>
<doc>Clears and fills the given ``txt`` into the text field found by ``selector``.</doc>
<status status="PASS" start="2026-05-07T22:29:08.926358" elapsed="0.037508"/>
</kw>
<kw name="Fill Text" owner="Browser">
<msg time="2026-05-07T22:29:08.968850" level="INFO">Fills the text 'salasana1' in the given field.</msg>
<arg>id=confirmPassword</arg>
<arg>salasana1</arg>
<tag>PageContent</tag>
<tag>Setter</tag>
<doc>Clears and fills the given ``txt`` into the text field found by ``selector``.</doc>
<status status="PASS" start="2026-05-07T22:29:08.965886" elapsed="0.034847"/>
</kw>
<kw name="Click" owner="Browser">
<msg time="2026-05-07T22:29:09.004635" level="INFO">Clicks the element 'id=submitBtn'.</msg>
<arg>id=submitBtn</arg>
<tag>PageContent</tag>
<tag>Setter</tag>
<doc>Simulates mouse click on the element found by ``selector``.</doc>
<status status="PASS" start="2026-05-07T22:29:09.002271" elapsed="0.184289"/>
</kw>
<kw name="Get Text" owner="Browser">
<msg time="2026-05-07T22:29:09.272484" level="INFO">Text: 'Etunimi on pakollinen'</msg>
<msg time="2026-05-07T22:29:09.272770" level="INFO">${fn_err} = Etunimi on pakollinen</msg>
<var>${fn_err}</var>
<arg>id=firstNameError</arg>
<tag>Assertion</tag>
<tag>Getter</tag>
<tag>PageContent</tag>
<doc>Returns text attribute of the element found by ``selector``.</doc>
<status status="PASS" start="2026-05-07T22:29:09.187296" elapsed="0.085541"/>
</kw>
<kw name="Should Contain" owner="BuiltIn">
<arg>${fn_err}</arg>
<arg>pakollinen</arg>
<doc>Fails if ``container`` does not contain ``item`` one or more times.</doc>
<status status="PASS" start="2026-05-07T22:29:09.273462" elapsed="0.001599"/>
</kw>
<msg time="2026-05-07T22:29:09.306296" level="INFO">Switching context to context=e9db7340-bac3-4662-8f93-d4238450c9e6 in CURRENT</msg>
<msg time="2026-05-07T22:29:09.321754" level="INFO">Successfully changed active context: context=e9db7340-bac3-4662-8f93-d4238450c9e6</msg>
<msg time="2026-05-07T22:29:09.334150" level="INFO">Successfully closed Context</msg>
<doc>Tyhjä etunimikenttä näyttää pakollisuusvirheen</doc>
<status status="PASS" start="2026-05-07T22:29:08.145635" elapsed="1.130022"/>
</test>
<test id="s1-s2-t6" name="TC6: Puuttuva sukunimi hylätään" line="69">
<kw name="New Page" owner="Browser">
<msg time="2026-05-07T22:29:09.935263" level="INFO">Successfully initialized new page object and opened url: file:///C:\Users\yamam\OneDrive\Desktop\FE projekti13\Apneapp_FE\apneapp-login\tests/../register.html</msg>
<msg time="2026-05-07T22:29:09.935441" level="INFO">No context was open. New context was automatically opened when this page is created.</msg>
<arg>${REGISTER_URL}</arg>
<tag>BrowserControl</tag>
<tag>Setter</tag>
<doc>Open a new Page.</doc>
<status status="PASS" start="2026-05-07T22:29:09.343568" elapsed="0.592298"/>
</kw>
<kw name="Fill Text" owner="Browser">
<msg time="2026-05-07T22:29:09.938636" level="INFO">Fills the text 'Testi' in the given field.</msg>
<arg>id=firstName</arg>
<arg>Testi</arg>
<tag>PageContent</tag>
<tag>Setter</tag>
<doc>Clears and fills the given ``txt`` into the text field found by ``selector``.</doc>
<status status="PASS" start="2026-05-07T22:29:09.936684" elapsed="0.082960"/>
</kw>
<kw name="Fill Text" owner="Browser">
<msg time="2026-05-07T22:29:10.023526" level="INFO">Fills the text 'kayttaja@email.fi' in the given field.</msg>
<arg>id=email</arg>
<arg>kayttaja@email.fi</arg>
<tag>PageContent</tag>
<tag>Setter</tag>
<doc>Clears and fills the given ``txt`` into the text field found by ``selector``.</doc>
<status status="PASS" start="2026-05-07T22:29:10.021401" elapsed="0.032170"/>
</kw>
<kw name="Fill Text" owner="Browser">
<msg time="2026-05-07T22:29:10.056859" level="INFO">Fills the text 'salasana1' in the given field.</msg>
<arg>id=password</arg>
<arg>salasana1</arg>
<tag>PageContent</tag>
<tag>Setter</tag>
<doc>Clears and fills the given ``txt`` into the text field found by ``selector``.</doc>
<status status="PASS" start="2026-05-07T22:29:10.054937" elapsed="0.032762"/>
</kw>
<kw name="Fill Text" owner="Browser">
<msg time="2026-05-07T22:29:10.090353" level="INFO">Fills the text 'salasana1' in the given field.</msg>
<arg>id=confirmPassword</arg>
<arg>salasana1</arg>
<tag>PageContent</tag>
<tag>Setter</tag>
<doc>Clears and fills the given ``txt`` into the text field found by ``selector``.</doc>
<status status="PASS" start="2026-05-07T22:29:10.088423" elapsed="0.032376"/>
</kw>
<kw name="Click" owner="Browser">
<msg time="2026-05-07T22:29:10.124184" level="INFO">Clicks the element 'id=submitBtn'.</msg>
<arg>id=submitBtn</arg>
<tag>PageContent</tag>
<tag>Setter</tag>
<doc>Simulates mouse click on the element found by ``selector``.</doc>
<status status="PASS" start="2026-05-07T22:29:10.121553" elapsed="0.184553"/>
</kw>
<kw name="Get Text" owner="Browser">
<msg time="2026-05-07T22:29:10.385569" level="INFO">Text: 'Sukunimi on pakollinen'</msg>
<msg time="2026-05-07T22:29:10.385831" level="INFO">${ln_err} = Sukunimi on pakollinen</msg>
<var>${ln_err}</var>
<arg>id=lastNameError</arg>
<tag>Assertion</tag>
<tag>Getter</tag>
<tag>PageContent</tag>
<doc>Returns text attribute of the element found by ``selector``.</doc>
<status status="PASS" start="2026-05-07T22:29:10.306784" elapsed="0.079102"/>
</kw>
<kw name="Should Contain" owner="BuiltIn">
<arg>${ln_err}</arg>
<arg>pakollinen</arg>
<doc>Fails if ``container`` does not contain ``item`` one or more times.</doc>
<status status="PASS" start="2026-05-07T22:29:10.386571" elapsed="0.001471"/>
</kw>
<msg time="2026-05-07T22:29:10.421032" level="INFO">Switching context to context=533c3970-0894-4082-985f-aadb8f18eb65 in CURRENT</msg>
<msg time="2026-05-07T22:29:10.436058" level="INFO">Successfully changed active context: context=533c3970-0894-4082-985f-aadb8f18eb65</msg>
<msg time="2026-05-07T22:29:10.448264" level="INFO">Successfully closed Context</msg>
<doc>Tyhjä sukunimikenttä näyttää pakollisuusvirheen</doc>
<status status="PASS" start="2026-05-07T22:29:09.336661" elapsed="1.052066"/>
</test>
<kw name="Close Browser" owner="Browser" type="TEARDOWN">
<msg time="2026-05-07T22:29:10.566633" level="INFO">Closed browser</msg>
<tag>BrowserControl</tag>
<tag>Setter</tag>
<doc>Closes the current browser.</doc>
<status status="PASS" start="2026-05-07T22:29:10.450143" elapsed="0.116944"/>
</kw>
<doc>Apneapp – Rekisteröintilomakkeen automaatiotestit
Testaaja: Yamama | Branch: Yamama-FE</doc>
<status status="PASS" start="2026-05-07T22:29:01.966899" elapsed="8.600396"/>
</suite>
<suite id="s1-s3" name="Be Api Tests" source="C:\Users\yamam\OneDrive\Desktop\FE projekti13\Apneapp_FE\apneapp-login\tests\be_api_tests.robot">
<kw name="Alusta Testit" type="SETUP">
<kw name="Create Session" owner="RequestsLibrary">
<msg time="2026-05-07T22:29:10.934480" level="INFO">Creating Session using : alias=apneapp, url=http://localhost:3000/api, headers={},                     cookies={}, auth=None, timeout=None, proxies=None, verify=False,                     debug=0 </msg>
<arg>apneapp</arg>
<arg>${BASE_URL}</arg>
<arg>verify=False</arg>
<doc>Create Session: create a HTTP session to a server</doc>
<status status="PASS" start="2026-05-07T22:29:10.934017" elapsed="0.002016"/>
</kw>
<kw name="Create Dictionary" owner="BuiltIn">
<msg time="2026-05-07T22:29:10.938112" level="INFO">${login_body} = {'username': 'elsikubios@gmail.com', 'password': 'hYr062vQh6'}</msg>
<var>${login_body}</var>
<arg>username=${KUBIOS_USER}</arg>
<arg>password=${KUBIOS_PASS}</arg>
<doc>Creates and returns a dictionary based on the given ``items``.</doc>
<status status="PASS" start="2026-05-07T22:29:10.936514" elapsed="0.001687"/>
</kw>
<kw name="POST On Session" owner="RequestsLibrary">
<msg time="2026-05-07T22:29:13.279399" level="INFO">POST Request : url=http://localhost:3000/api/kubios/login 
 path_url=/api/kubios/login 
 headers={'User-Agent': 'python-requests/2.32.5', 'Accept-Encoding': 'gzip, deflate', 'Accept': '*/*', 'Connection': 'keep-alive', 'Content-Length': '62', 'Content-Type': 'application/json'} 
 body=b'{"username": "elsikubios@gmail.com", "password": "hYr062vQh6"}' 
 </msg>
<msg time="2026-05-07T22:29:13.279568" level="INFO">POST Response : url=http://localhost:3000/api/kubios/login 
 status=500, reason=Internal Server Error 
 headers={'X-Powered-By': 'Express', 'Access-Control-Allow-Origin': '*', 'Content-Type': 'application/json; charset=utf-8', 'Content-Length': '73', 'ETag': 'W/"49-81OlqQyUqTdAl1vJySoCha1K5hA"', 'Date': 'Thu, 07 May 2026 19:29:13 GMT', 'Connection': 'keep-alive', 'Keep-Alive': 'timeout=5'} 
 body={"error":{"message":"Login with Kubios failed","status":500,"errors":""}} 
 </msg>
<msg time="2026-05-07T22:29:13.280108" level="INFO">${login_resp} = &lt;Response [500]&gt;</msg>
<var>${login_resp}</var>
<arg>apneapp</arg>
<arg>/kubios/login</arg>
<arg>json=${login_body}</arg>
<arg>expected_status=any</arg>
<doc>Sends a POST request on a previously created HTTP Session.</doc>
<status status="PASS" start="2026-05-07T22:29:10.938514" elapsed="2.341654"/>
</kw>
<kw name="Set Variable" owner="BuiltIn">
<msg time="2026-05-07T22:29:13.281603" level="INFO">${json} = {'error': {'message': 'Login with Kubios failed', 'status': 500, 'errors': ''}}</msg>
<var>${json}</var>
<arg>${login_resp.json()}</arg>
<doc>Returns the given values which can then be assigned to a variables.</doc>
<status status="PASS" start="2026-05-07T22:29:13.280449" elapsed="0.001214"/>
</kw>
<kw name="Set Suite Variable" owner="BuiltIn">
<msg time="2026-05-07T22:29:13.284882" level="FAIL">Resolving variable '${json['token']}' failed: KeyError: 'token'</msg>
<arg>${TOKEN}</arg>
<arg>${json['token']}</arg>
<doc>Makes a variable available everywhere within the scope of the current suite.</doc>
<status status="FAIL" start="2026-05-07T22:29:13.281904" elapsed="0.003152">Resolving variable '${json['token']}' failed: KeyError: 'token'</status>
</kw>
<kw name="Get From Dictionary" owner="Collections">
<var>${uid}</var>
<arg>${json}</arg>
<arg>user_id</arg>
<arg>default=1</arg>
<doc>Returns a value from the given ``dictionary`` based on the given ``key``.</doc>
<status status="NOT RUN" start="2026-05-07T22:29:13.285454" elapsed="0.000086"/>
</kw>
<kw name="Set Suite Variable" owner="BuiltIn">
<arg>${USER_ID}</arg>
<arg>${uid}</arg>
<doc>Makes a variable available everywhere within the scope of the current suite.</doc>
<status status="NOT RUN" start="2026-05-07T22:29:13.285923" elapsed="0.000084"/>
</kw>
<status status="FAIL" start="2026-05-07T22:29:10.933140" elapsed="2.353295">Resolving variable '${json['token']}' failed: KeyError: 'token'</status>
</kw>
<test id="s1-s3-t1" name="API Root Vastaa" line="33">
<doc>GET /api → 200, "ApneApp"</doc>
<tag>api</tag>
<status status="FAIL" start="2026-05-07T22:29:13.286709" elapsed="0.001202">Parent suite setup failed:
Resolving variable '${json['token']}' failed: KeyError: 'token'</status>
</test>
<test id="s1-s3-t2" name="Kubios Login Onnistuu Ja Palauttaa Tokenin" line="43">
<doc>POST /api/kubios/login oikeilla tunnuksilla → 200 + token</doc>
<tag>kubios</tag>
<tag>login</tag>
<status status="FAIL" start="2026-05-07T22:29:13.289186" elapsed="0.001221">Parent suite setup failed:
Resolving variable '${json['token']}' failed: KeyError: 'token'</status>
</test>
<test id="s1-s3-t3" name="Suojattu Reitti Ilman Tokenia Epaonnistuu" line="57">
<doc>GET /api/users/me ilman Authorization-headeria → 401 tai 403</doc>
<tag>auth</tag>
<tag>users</tag>
<status status="FAIL" start="2026-05-07T22:29:13.291819" elapsed="0.001155">Parent suite setup failed:
Resolving variable '${json['token']}' failed: KeyError: 'token'</status>
</test>
<test id="s1-s3-t4" name="GET Me Tokenilla Onnistuu" line="63">
<doc>GET /api/users/me oikealla tokenilla → 200, Kubios-token tiedot</doc>
<tag>auth</tag>
<tag>users</tag>
<status status="FAIL" start="2026-05-07T22:29:13.294701" elapsed="0.001071">Parent suite setup failed:
Resolving variable '${json['token']}' failed: KeyError: 'token'</status>
</test>
<test id="s1-s3-t5" name="Kubios Reitti Ilman Tokenia Epaonnistuu" line="74">
<doc>GET /api/kubios/me ilman Authorization-headeria → 401 tai 403</doc>
<tag>auth</tag>
<tag>kubios</tag>
<status status="FAIL" start="2026-05-07T22:29:13.296990" elapsed="0.001234">Parent suite setup failed:
Resolving variable '${json['token']}' failed: KeyError: 'token'</status>
</test>
<test id="s1-s3-t6" name="GET Kubios History Tokenilla Onnistuu" line="80">
<doc>GET /api/kubios/history tokenilla → 200 tai 500 (vaatii DB-yhteyden)</doc>
<tag>kubios</tag>
<status status="FAIL" start="2026-05-07T22:29:13.299359" elapsed="0.001690">Parent suite setup failed:
Resolving variable '${json['token']}' failed: KeyError: 'token'</status>
</test>
<test id="s1-s3-t7" name="GET Kubios Measures Tokenilla Onnistuu" line="87">
<doc>GET /api/kubios/measures tokenilla → 200 (Kubios Cloud data)</doc>
<tag>kubios</tag>
<status status="FAIL" start="2026-05-07T22:29:13.302759" elapsed="0.001470">Parent suite setup failed:
Resolving variable '${json['token']}' failed: KeyError: 'token'</status>
</test>
<test id="s1-s3-t8" name="GET Kubios Sync Ilman Tokenia Epaonnistuu" line="94">
<doc>GET /api/kubios/sync ilman tokenia → 401, 403 tai 404</doc>
<tag>auth</tag>
<tag>kubios</tag>
<status status="FAIL" start="2026-05-07T22:29:13.308160" elapsed="0.001413">Parent suite setup failed:
Resolving variable '${json['token']}' failed: KeyError: 'token'</status>
</test>
<test id="s1-s3-t9" name="Kayttajan Poisto Toisen Tunnuksella Epaonnistuu" line="100">
<doc>DELETE /api/users/:id toisen kayttajan ID → 403</doc>
<tag>auth</tag>
<tag>users</tag>
<status status="FAIL" start="2026-05-07T22:29:13.311177" elapsed="0.001400">Parent suite setup failed:
Resolving variable '${json['token']}' failed: KeyError: 'token'</status>
</test>
<test id="s1-s3-t10" name="GET Kayttaja ID Tokenilla Onnistuu" line="111">
<doc>GET /api/users/:id omalla tokenilla → 200 tai 500 (vaatii DB-yhteyden)</doc>
<tag>auth</tag>
<tag>users</tag>
<status status="FAIL" start="2026-05-07T22:29:13.314814" elapsed="0.001582">Parent suite setup failed:
Resolving variable '${json['token']}' failed: KeyError: 'token'</status>
</test>
<test id="s1-s3-t11" name="PUT Profiilin Paivitys Onnistuu" line="118">
<doc>PUT /api/users/:id oman profiilin paivitys → 200 tai 500 (vaatii DB-yhteyden)</doc>
<tag>auth</tag>
<tag>users</tag>
<status status="FAIL" start="2026-05-07T22:29:13.320963" elapsed="0.001306">Parent suite setup failed:
Resolving variable '${json['token']}' failed: KeyError: 'token'</status>
</test>
<test id="s1-s3-t12" name="GET Kubios Me Tokenilla Onnistuu" line="131">
<doc>GET /api/kubios/me tokenilla → 200 tai 500 (vaatii DB-yhteyden)</doc>
<tag>auth</tag>
<tag>kubios</tag>
<status status="FAIL" start="2026-05-07T22:29:13.324472" elapsed="0.001319">Parent suite setup failed:
Resolving variable '${json['token']}' failed: KeyError: 'token'</status>
</test>
<test id="s1-s3-t13" name="GET Kubios UserInfo Tokenilla Onnistuu" line="138">
<doc>GET /api/kubios/userinfo tokenilla → 200, Kubios-kayttajatiedot</doc>
<tag>kubios</tag>
<status status="FAIL" start="2026-05-07T22:29:13.328205" elapsed="0.001374">Parent suite setup failed:
Resolving variable '${json['token']}' failed: KeyError: 'token'</status>
</test>
<test id="s1-s3-t14" name="GET Kubios Sync Tokenilla Onnistuu" line="145">
<doc>GET /api/kubios/sync tokenilla → 200 tai 404 (riippuu DB-yhteydestä)</doc>
<tag>kubios</tag>
<status status="FAIL" start="2026-05-07T22:29:13.331780" elapsed="0.001318">Parent suite setup failed:
Resolving variable '${json['token']}' failed: KeyError: 'token'</status>
</test>
<kw name="Delete All Sessions" owner="RequestsLibrary" type="TEARDOWN">
<msg time="2026-05-07T22:29:13.336614" level="INFO">Deleting All Sessions</msg>
<doc>Removes all the session objects</doc>
<status status="PASS" start="2026-05-07T22:29:13.336289" elapsed="0.000600"/>
</kw>
<status status="FAIL" start="2026-05-07T22:29:10.579334" elapsed="2.757711">Suite setup failed:
Resolving variable '${json['token']}' failed: KeyError: 'token'</status>
</suite>
<status status="FAIL" start="2026-05-07T22:28:44.321103" elapsed="29.018421"/>
</suite>
<statistics>
<total>
<stat pass="12" fail="14" skip="0">All Tests</stat>
</total>
<tag>
<stat pass="0" fail="1" skip="0">api</stat>
<stat pass="0" fail="8" skip="0">auth</stat>
<stat pass="0" fail="8" skip="0">kubios</stat>
<stat pass="0" fail="1" skip="0">login</stat>
<stat pass="0" fail="5" skip="0">users</stat>
</tag>
<suite>
<stat name="Login Tests &amp; Register Tests &amp; Be Api Tests" id="s1" pass="12" fail="14" skip="0">Login Tests &amp; Register Tests &amp; Be Api Tests</stat>
<stat name="Login Tests" id="s1-s1" pass="6" fail="0" skip="0">Login Tests &amp; Register Tests &amp; Be Api Tests.Login Tests</stat>
<stat name="Register Tests" id="s1-s2" pass="6" fail="0" skip="0">Login Tests &amp; Register Tests &amp; Be Api Tests.Register Tests</stat>
<stat name="Be Api Tests" id="s1-s3" pass="0" fail="14" skip="0">Login Tests &amp; Register Tests &amp; Be Api Tests.Be Api Tests</stat>
</suite>
</statistics>
<errors>
</errors>
</robot>
